2014/09/07 20:18:58 [error] [exception.CException] exception 'CException' with message 'Alias "bootstrap.components.Bootstrap" is invalid. Make sure it points to an existing PHP file and the file is readable.' in C:\xampp\htdocs\yii\framework\YiiBase.php:322
Stack trace:
#0 C:\xampp\htdocs\yii\framework\YiiBase.php(196): YiiBase::import('bootstrap.compo...', true)
#1 C:\xampp\htdocs\yii\framework\base\CModule.php(386): YiiBase::createComponent(Array)
#2 C:\xampp\htdocs\yii\framework\base\CModule.php(523): CModule->getComponent('bootstrap')
#3 C:\xampp\htdocs\yii\framework\base\CApplication.php(163): CModule->preloadComponents()
#4 C:\xampp\htdocs\yii\framework\YiiBase.php(125): CApplication->__construct('C:\xampp\htdocs...')
#5 C:\xampp\htdocs\yii\framework\YiiBase.php(98): YiiBase::createApplication('CWebApplication', 'C:\xampp\htdocs...')
#6 C:\xampp\htdocs\yiitest\index.php(13): YiiBase::createWebApplication('C:\xampp\htdocs...')
#7 {main}
REQUEST_URI=/yiitest/
---
2014/09/07 20:21:00 [error] [exception.CException] exception 'CException' with message 'Alias "bootstrap.components.Bootstrap" is invalid. Make sure it points to an existing PHP file and the file is readable.' in C:\xampp\htdocs\yii\framework\YiiBase.php:322
Stack trace:
#0 C:\xampp\htdocs\yii\framework\YiiBase.php(196): YiiBase::import('bootstrap.compo...', true)
#1 C:\xampp\htdocs\yii\framework\base\CModule.php(386): YiiBase::createComponent(Array)
#2 C:\xampp\htdocs\yii\framework\base\CModule.php(523): CModule->getComponent('bootstrap')
#3 C:\xampp\htdocs\yii\framework\base\CApplication.php(163): CModule->preloadComponents()
#4 C:\xampp\htdocs\yii\framework\YiiBase.php(125): CApplication->__construct('C:\xampp\htdocs...')
#5 C:\xampp\htdocs\yii\framework\YiiBase.php(98): YiiBase::createApplication('CWebApplication', 'C:\xampp\htdocs...')
#6 C:\xampp\htdocs\yiitest\index.php(13): YiiBase::createWebApplication('C:\xampp\htdocs...')
#7 {main}
REQUEST_URI=/yiitest/
---
2014/09/07 20:24:59 [error] [exception.CException] exception 'CException' with message 'Alias "bootstrap.components.Bootstrap" is invalid. Make sure it points to an existing directory or file.' in C:\xampp\htdocs\yii\framework\YiiBase.php:347
Stack trace:
#0 C:\xampp\htdocs\yii\framework\YiiBase.php(196): YiiBase::import('bootstrap.compo...', true)
#1 C:\xampp\htdocs\yii\framework\base\CModule.php(386): YiiBase::createComponent(Array)
#2 C:\xampp\htdocs\yii\framework\base\CModule.php(523): CModule->getComponent('bootstrap')
#3 C:\xampp\htdocs\yii\framework\base\CApplication.php(163): CModule->preloadComponents()
#4 C:\xampp\htdocs\yii\framework\YiiBase.php(125): CApplication->__construct('C:\xampp\htdocs...')
#5 C:\xampp\htdocs\yii\framework\YiiBase.php(98): YiiBase::createApplication('CWebApplication', 'C:\xampp\htdocs...')
#6 C:\xampp\htdocs\yiitest\index.php(13): YiiBase::createWebApplication('C:\xampp\htdocs...')
#7 {main}
REQUEST_URI=/yiitest/
---
2014/09/07 20:25:14 [error] [exception.CException] exception 'CException' with message 'Alias "bootstrap.components.Bootstrap" is invalid. Make sure it points to an existing PHP file and the file is readable.' in C:\xampp\htdocs\yii\framework\YiiBase.php:322
Stack trace:
#0 C:\xampp\htdocs\yii\framework\YiiBase.php(196): YiiBase::import('bootstrap.compo...', true)
#1 C:\xampp\htdocs\yii\framework\base\CModule.php(386): YiiBase::createComponent(Array)
#2 C:\xampp\htdocs\yii\framework\base\CModule.php(523): CModule->getComponent('bootstrap')
#3 C:\xampp\htdocs\yii\framework\base\CApplication.php(163): CModule->preloadComponents()
#4 C:\xampp\htdocs\yii\framework\YiiBase.php(125): CApplication->__construct('C:\xampp\htdocs...')
#5 C:\xampp\htdocs\yii\framework\YiiBase.php(98): YiiBase::createApplication('CWebApplication', 'C:\xampp\htdocs...')
#6 C:\xampp\htdocs\yiitest\index.php(13): YiiBase::createWebApplication('C:\xampp\htdocs...')
#7 {main}
REQUEST_URI=/yiitest/
---
2014/09/07 20:25:41 [error] [exception.CException] exception 'CException' with message 'Alias "bootstrap.components.Bootstrap" is invalid. Make sure it points to an existing directory or file.' in C:\xampp\htdocs\yii\framework\YiiBase.php:347
Stack trace:
#0 C:\xampp\htdocs\yii\framework\YiiBase.php(196): YiiBase::import('bootstrap.compo...', true)
#1 C:\xampp\htdocs\yii\framework\base\CModule.php(386): YiiBase::createComponent(Array)
#2 C:\xampp\htdocs\yii\framework\base\CModule.php(523): CModule->getComponent('bootstrap')
#3 C:\xampp\htdocs\yii\framework\base\CApplication.php(163): CModule->preloadComponents()
#4 C:\xampp\htdocs\yii\framework\YiiBase.php(125): CApplication->__construct('C:\xampp\htdocs...')
#5 C:\xampp\htdocs\yii\framework\YiiBase.php(98): YiiBase::createApplication('CWebApplication', 'C:\xampp\htdocs...')
#6 C:\xampp\htdocs\yiitest\index.php(13): YiiBase::createWebApplication('C:\xampp\htdocs...')
#7 {main}
REQUEST_URI=/yiitest/
---
2014/09/07 20:27:04 [error] [exception.CException] exception 'CException' with message 'Alias "bootstrap.components.Bootstrap" is invalid. Make sure it points to an existing PHP file and the file is readable.' in C:\xampp\htdocs\yii\framework\YiiBase.php:322
Stack trace:
#0 C:\xampp\htdocs\yii\framework\YiiBase.php(196): YiiBase::import('bootstrap.compo...', true)
#1 C:\xampp\htdocs\yii\framework\base\CModule.php(386): YiiBase::createComponent(Array)
#2 C:\xampp\htdocs\yii\framework\base\CModule.php(523): CModule->getComponent('bootstrap')
#3 C:\xampp\htdocs\yii\framework\base\CApplication.php(163): CModule->preloadComponents()
#4 C:\xampp\htdocs\yii\framework\YiiBase.php(125): CApplication->__construct('C:\xampp\htdocs...')
#5 C:\xampp\htdocs\yii\framework\YiiBase.php(98): YiiBase::createApplication('CWebApplication', 'C:\xampp\htdocs...')
#6 C:\xampp\htdocs\yiitest\index.php(13): YiiBase::createWebApplication('C:\xampp\htdocs...')
#7 {main}
REQUEST_URI=/yiitest/
---
2014/09/07 20:31:59 [error] [exception.CHttpException.404] exception 'CHttpException' with message 'Unable to resolve the request "gii/heart".' in C:\xampp\htdocs\yii\framework\web\CWebApplication.php:286
Stack trace:
#0 C:\xampp\htdocs\yii\framework\web\CWebApplication.php(141): CWebApplication->runController('gii/heart')
#1 C:\xampp\htdocs\yii\framework\base\CApplication.php(180): CWebApplication->processRequest()
#2 C:\xampp\htdocs\yiitest\index.php(13): CApplication->run()
#3 {main}
REQUEST_URI=/yiitest/index.php?r=gii/heart
HTTP_REFERER=http://localhost/yiitest/index.php
---
2014/09/07 20:38:43 [error] [exception.CHttpException.404] exception 'CHttpException' with message 'Unable to resolve the request "gii/heart".' in C:\xampp\htdocs\yii\framework\web\CWebApplication.php:286
Stack trace:
#0 C:\xampp\htdocs\yii\framework\web\CWebApplication.php(141): CWebApplication->runController('gii/heart')
#1 C:\xampp\htdocs\yii\framework\base\CApplication.php(180): CWebApplication->processRequest()
#2 C:\xampp\htdocs\yiitest\index.php(13): CApplication->run()
#3 {main}
REQUEST_URI=/yiitest/index.php?r=gii/heart
HTTP_REFERER=http://localhost/yiitest/index.php
---
2014/09/07 20:38:43 [error] [exception.CHttpException.404] exception 'CHttpException' with message 'Unable to resolve the request "gii/heart".' in C:\xampp\htdocs\yii\framework\web\CWebApplication.php:286
Stack trace:
#0 C:\xampp\htdocs\yii\framework\web\CWebApplication.php(141): CWebApplication->runController('gii/heart')
#1 C:\xampp\htdocs\yii\framework\base\CApplication.php(180): CWebApplication->processRequest()
#2 C:\xampp\htdocs\yiitest\index.php(13): CApplication->run()
#3 {main}
REQUEST_URI=/yiitest/index.php?r=gii/heart
HTTP_REFERER=http://localhost/yiitest/index.php
---
2014/09/10 06:56:03 [warning] [application] Failed to set unsafe attribute "file" of "CrudCode".
in C:\xampp\htdocs\yiitest\index.php (13)
2014/09/10 06:56:18 [warning] [application] Failed to set unsafe attribute "file" of "CrudCode".
in C:\xampp\htdocs\yiitest\index.php (13)
2014/09/10 06:56:24 [warning] [application] Failed to set unsafe attribute "file" of "CrudCode".
in C:\xampp\htdocs\yiitest\index.php (13)
2014/09/11 07:04:08 [warning] [application] Failed to set unsafe attribute "file" of "CrudCode".
in C:\xampp\htdocs\yiitest\index.php (13)
2014/09/11 07:04:13 [warning] [application] Failed to set unsafe attribute "file" of "CrudCode".
in C:\xampp\htdocs\yiitest\index.php (13)
2014/09/11 07:04:31 [warning] [application] Failed to set unsafe attribute "file" of "CrudCode".
in C:\xampp\htdocs\yiitest\index.php (13)
2014/09/11 07:04:39 [warning] [application] Failed to set unsafe attribute "file" of "CrudCode".
in C:\xampp\htdocs\yiitest\index.php (13)
2014/09/11 07:06:54 [warning] [application] Failed to set unsafe attribute "file" of "CrudCode".
in C:\xampp\htdocs\yiitest\index.php (13)
2014/09/11 07:07:12 [warning] [application] Failed to set unsafe attribute "file" of "CrudCode".
in C:\xampp\htdocs\yiitest\index.php (13)
2014/09/11 07:09:27 [error] [php] include(Login.php) [<a href='function.include'>function.include</a>]: failed to open stream: No such file or directory (C:\xampp\htdocs\yii\framework\YiiBase.php:427)
Stack trace:
#0 C:\xampp\htdocs\yiitest\protected\controllers\LoginController.php(228): spl_autoload_call()
#1 C:\xampp\htdocs\yii\framework\web\actions\CInlineAction.php(49): LoginController->actionIndex()
#2 C:\xampp\htdocs\yii\framework\web\CController.php(308): CInlineAction->runWithParams()
#3 C:\xampp\htdocs\yii\framework\web\filters\CFilterChain.php(133): LoginController->runAction()
#4 C:\xampp\htdocs\yii\framework\web\filters\CFilter.php(40): CFilterChain->run()
#5 C:\xampp\htdocs\yii\framework\web\CController.php(1145): CAccessControlFilter->filter()
#6 C:\xampp\htdocs\yii\framework\web\filters\CInlineFilter.php(58): LoginController->filterAccessControl()
#7 C:\xampp\htdocs\yii\framework\web\filters\CFilterChain.php(130): CInlineFilter->filter()
#8 C:\xampp\htdocs\yii\framework\web\CController.php(291): CFilterChain->run()
#9 C:\xampp\htdocs\yii\framework\web\CController.php(265): LoginController->runActionWithFilters()
#10 C:\xampp\htdocs\yii\framework\web\CWebApplication.php(282): LoginController->run()
#11 C:\xampp\htdocs\yii\framework\web\CWebApplication.php(141): CWebApplication->runController()
#12 C:\xampp\htdocs\yii\framework\base\CApplication.php(180): CWebApplication->processRequest()
#13 C:\xampp\htdocs\yiitest\index.php(13): CWebApplication->run()
REQUEST_URI=/yiitest/index.php?r=login
in C:\xampp\htdocs\yiitest\protected\controllers\LoginController.php (228)
in C:\xampp\htdocs\yiitest\index.php (13)
2014/09/11 07:12:00 [warning] [application] Failed to set unsafe attribute "file" of "CrudCode".
in C:\xampp\htdocs\yiitest\index.php (13)
2014/09/11 07:12:05 [warning] [application] Failed to set unsafe attribute "file" of "CrudCode".
in C:\xampp\htdocs\yiitest\index.php (13)
2014/09/11 12:02:24 [error] [php] Use of undefined constant username - assumed 'username' (C:\xampp\htdocs\yiitest\protected\controllers\LoginController.php:92)
Stack trace:
#0 C:\xampp\htdocs\yii\framework\web\filters\CFilterChain.php(133): LoginController->runAction()
#1 C:\xampp\htdocs\yii\framework\web\filters\CFilter.php(40): CFilterChain->run()
#2 C:\xampp\htdocs\yii\framework\web\CController.php(1145): CAccessControlFilter->filter()
#3 C:\xampp\htdocs\yii\framework\web\filters\CInlineFilter.php(58): LoginController->filterAccessControl()
#4 C:\xampp\htdocs\yii\framework\web\filters\CFilterChain.php(130): CInlineFilter->filter()
#5 C:\xampp\htdocs\yii\framework\web\CController.php(291): CFilterChain->run()
#6 C:\xampp\htdocs\yii\framework\web\CController.php(265): LoginController->runActionWithFilters()
#7 C:\xampp\htdocs\yii\framework\web\CWebApplication.php(282): LoginController->run()
#8 C:\xampp\htdocs\yii\framework\web\CWebApplication.php(141): CWebApplication->runController()
#9 C:\xampp\htdocs\yii\framework\base\CApplication.php(180): CWebApplication->processRequest()
#10 C:\xampp\htdocs\yiitest\index.php(13): CWebApplication->run()
REQUEST_URI=/yiitest/index.php?r=login/create
in C:\xampp\htdocs\yiitest\protected\controllers\LoginController.php (92)
in C:\xampp\htdocs\yiitest\index.php (13)
2014/09/11 12:03:28 [error] [php] Undefined index: username (C:\xampp\htdocs\yiitest\protected\controllers\LoginController.php:92)
Stack trace:
#0 C:\xampp\htdocs\yii\framework\web\filters\CFilterChain.php(133): LoginController->runAction()
#1 C:\xampp\htdocs\yii\framework\web\filters\CFilter.php(40): CFilterChain->run()
#2 C:\xampp\htdocs\yii\framework\web\CController.php(1145): CAccessControlFilter->filter()
#3 C:\xampp\htdocs\yii\framework\web\filters\CInlineFilter.php(58): LoginController->filterAccessControl()
#4 C:\xampp\htdocs\yii\framework\web\filters\CFilterChain.php(130): CInlineFilter->filter()
#5 C:\xampp\htdocs\yii\framework\web\CController.php(291): CFilterChain->run()
#6 C:\xampp\htdocs\yii\framework\web\CController.php(265): LoginController->runActionWithFilters()
#7 C:\xampp\htdocs\yii\framework\web\CWebApplication.php(282): LoginController->run()
#8 C:\xampp\htdocs\yii\framework\web\CWebApplication.php(141): CWebApplication->runController()
#9 C:\xampp\htdocs\yii\framework\base\CApplication.php(180): CWebApplication->processRequest()
#10 C:\xampp\htdocs\yiitest\index.php(13): CWebApplication->run()
REQUEST_URI=/yiitest/index.php?r=login/create
in C:\xampp\htdocs\yiitest\protected\controllers\LoginController.php (92)
in C:\xampp\htdocs\yiitest\index.php (13)
2014/09/11 12:08:04 [error] [php] Undefined variable: connection (C:\xampp\htdocs\yiitest\protected\controllers\LoginController.php:98)
Stack trace:
#0 C:\xampp\htdocs\yii\framework\web\filters\CFilterChain.php(133): LoginController->runAction()
#1 C:\xampp\htdocs\yii\framework\web\filters\CFilter.php(40): CFilterChain->run()
#2 C:\xampp\htdocs\yii\framework\web\CController.php(1145): CAccessControlFilter->filter()
#3 C:\xampp\htdocs\yii\framework\web\filters\CInlineFilter.php(58): LoginController->filterAccessControl()
#4 C:\xampp\htdocs\yii\framework\web\filters\CFilterChain.php(130): CInlineFilter->filter()
#5 C:\xampp\htdocs\yii\framework\web\CController.php(291): CFilterChain->run()
#6 C:\xampp\htdocs\yii\framework\web\CController.php(265): LoginController->runActionWithFilters()
#7 C:\xampp\htdocs\yii\framework\web\CWebApplication.php(282): LoginController->run()
#8 C:\xampp\htdocs\yii\framework\web\CWebApplication.php(141): CWebApplication->runController()
#9 C:\xampp\htdocs\yii\framework\base\CApplication.php(180): CWebApplication->processRequest()
#10 C:\xampp\htdocs\yiitest\index.php(13): CWebApplication->run()
REQUEST_URI=/yiitest/index.php?r=login/create
in C:\xampp\htdocs\yiitest\protected\controllers\LoginController.php (98)
in C:\xampp\htdocs\yiitest\index.php (13)
2014/09/13 08:22:57 [error] [exception.CException] exception 'CException' with message 'LoginController has an extra endWidget() call in its view.' in C:\xampp\htdocs\yii\framework\web\CBaseController.php:210
Stack trace:
#0 C:\xampp\htdocs\yiitest\protected\views\login\admin.php(169): CBaseController->endWidget()
#1 C:\xampp\htdocs\yii\framework\web\CBaseController.php(126): require('C:\xampp\htdocs...')
#2 C:\xampp\htdocs\yii\framework\web\CBaseController.php(95): CBaseController->renderInternal('C:\xampp\htdocs...', Array, true)
#3 C:\xampp\htdocs\yii\framework\web\CController.php(869): CBaseController->renderFile('C:\xampp\htdocs...', Array, true)
#4 C:\xampp\htdocs\yii\framework\web\CController.php(782): CController->renderPartial('admin', Array, true)
#5 C:\xampp\htdocs\yiitest\protected\controllers\LoginController.php(265): CController->render('admin', Array)
#6 C:\xampp\htdocs\yii\framework\web\actions\CInlineAction.php(49): LoginController->actionAdmin()
#7 C:\xampp\htdocs\yii\framework\web\CController.php(308): CInlineAction->runWithParams(Array)
#8 C:\xampp\htdocs\yii\framework\web\filters\CFilterChain.php(133): CController->runAction(Object(CInlineAction))
#9 C:\xampp\htdocs\yii\framework\web\filters\CFilter.php(40): CFilterChain->run()
#10 C:\xampp\htdocs\yii\framework\web\CController.php(1145): CFilter->filter(Object(CFilterChain))
#11 C:\xampp\htdocs\yii\framework\web\filters\CInlineFilter.php(58): CController->filterAccessControl(Object(CFilterChain))
#12 C:\xampp\htdocs\yii\framework\web\filters\CFilterChain.php(130): CInlineFilter->filter(Object(CFilterChain))
#13 C:\xampp\htdocs\yii\framework\web\CController.php(291): CFilterChain->run()
#14 C:\xampp\htdocs\yii\framework\web\CController.php(265): CController->runActionWithFilters(Object(CInlineAction), Array)
#15 C:\xampp\htdocs\yii\framework\web\CWebApplication.php(282): CController->run('admin')
#16 C:\xampp\htdocs\yii\framework\web\CWebApplication.php(141): CWebApplication->runController('login/admin')
#17 C:\xampp\htdocs\yii\framework\base\CApplication.php(180): CWebApplication->processRequest()
#18 C:\xampp\htdocs\yiitest\index.php(13): CApplication->run()
#19 {main}
REQUEST_URI=/yiitest/index.php?r=login/admin
HTTP_REFERER=http://localhost/yiitest/index.php?r=login/index
---
